iMPACT Version: Oct 13 2013 10:01:22

iMPACT log file Started on Thu Sep 26 07:23:49 2024

Preference Table
Name                 Setting             
StartupClock         Auto_Correction     
AutoSignature        False               
KeepSVF              False               
ConcurrentMode       False               
UseHighz             False               
ConfigOnFailure      Stop                
UserLevel            Novice              
MessageLevel         Detailed            
svfUseTime           false               
SpiByteSwap          Auto_Correction     
AutoInfer            false               
SvfPlayDisplayComments false               
'1': Loading file 'WarpSE.jed' ...
done.
INFO:iMPACT:1777 - 
   Reading C:/Xilinx/14.7/ISE_DS/ISE/xc9500xl/data/xc95144xl.bsd...
INFO:iMPACT:501 - '1': Added Device xc95144xl successfully.
----------------------------------------------------------------------
----------------------------------------------------------------------
Active mode is BS
AutoDetecting cable. Please wait.
*** WARNING ***: When port is set to auto detect mode, cable speed is set todefault 6 MHz regardless of explicit arguments supplied for setting the baudrates
Connecting to cable (Usb Port - USB21).
Checking cable driver.
 Source driver files not found.
The Platform Cable USB is not detected. Please connect a cable.If a cable isconnected, please disconnect
and reconnect to the usb port, follow the instructions in the 'Found NewHardware Wizard', then retry
the Cable Setup operation.
Cable connection failed.
Connecting to cable (Parallel Port - LPT1).
Checking cable driver.
Your driver installation is not complete. Please re-run your application or run
install_drivers.exe from the ISE installation area as an Administrator tocomplete the driver installation.
Cable connection failed.
Connecting to cable (Parallel Port - LPT2).
Checking cable driver.
Your driver installation is not complete. Please re-run your application or run
install_drivers.exe from the ISE installation area as an Administrator tocomplete the driver installation.
Cable connection failed.
Connecting to cable (Parallel Port - LPT3).
Checking cable driver.
Your driver installation is not complete. Please re-run your application or run
install_drivers.exe from the ISE installation area as an Administrator tocomplete the driver installation.
Cable connection failed.
Connecting to cable (Parallel Port - LPT4).
Checking cable driver.
Your driver installation is not complete. Please re-run your application or run
install_drivers.exe from the ISE installation area as an Administrator tocomplete the driver installation.
Cable connection failed.
Cable autodetection failed.
