ISim log file
Running: C:\Users\zanek\Documents\GitHub\Warp-SE\cpld\XC95144XL\t_fsb_isim_beh.exe -intstyle ise -gui -tclbatch isim.cmd -wdb C:/Users/zanek/Documents/GitHub/Warp-SE/cpld/XC95144XL/t_fsb_isim_beh.wdb 
INFO: There is another simulation running in the same directory. Using database file name isim2.wdb.
ISim P.20131013 (signature 0x7708f090)
----------------------------------------------------------------------
INFO:Security:51 - The XILINXD_LICENSE_FILE environment variable is not set.
INFO:Security:52 - The LM_LICENSE_FILE environment variable is set to 'C:\ispLEVER_Classic2_0\license\license.dat;C:\lscc\diamond\3.12\license\license.dat;C:\Xilinx\14.7\ISE_DS\Xilinx.lic'.
INFO:Security:66 - Your license for 'ISIM' is for evaluation use only.
WARNING:Security:43 - No license file was found in the standard Xilinx license directory.
WARNING:Security:44 - Since no license file was found,
       please run the Xilinx License Configuration Manager
       (xlcm or "Manage Xilinx Licenses")
       to assist in obtaining a license.
WARNING:Security:42 - Your license support version '2021.12' for ISIM expires in 20 days after which you will not qualify for Xilinx software updates or new releases.


----------------------------------------------------------------------
This is a Full version of ISim.
Time resolution is 1 ps
# onerror resume
# wave add /
# run 1000 ns
Simulator is doing circuit initialization process.
Finished circuit initialization process.
# run 1.00us
# run 1.00us
# restart
# run 1.00us
Simulator is doing circuit initialization process.
Finished circuit initialization process.
# run 1.00us
# run 1.00us
# run 1.00us
# run 1.00us
# run 1.00us
# restart
# run 1.00us
Simulator is doing circuit initialization process.
Finished circuit initialization process.
# run 1.00us
# run 1.00us
# run 1.00us
